# JRE version: OpenJDK Runtime Environment (11.0.13) (build 11.0.13+0-b1751.21-8125866)
# Java VM: OpenJDK 64-Bit Server VM (11.0.13+0-b1751.21-8125866, mixed mode, tiered, compressed oops, g1 gc, windows-amd64)
Heap:
 garbage-first heap   total 262144K, used 107721K [0x0000000080000000, 0x0000000100000000)
  region size 1024K, 63 young (64512K), 9 survivors (9216K)
 Metaspace       used 69596K, capacity 71156K, committed 71432K, reserved 1112064K
  class space    used 8934K, capacity 9521K, committed 9656K, reserved 1048576K
GC Heap History (16 events):
Event: 2.697 GC heap before
{Heap before GC invocations=0 (full 0):
 garbage-first heap   total 262144K, used 16384K [0x0000000080000000, 0x0000000100000000)
  region size 1024K, 14 young (14336K), 0 survivors (0K)
 Metaspace       used 6768K, capacity 6985K, committed 7168K, reserved 1056768K
  class space    used 576K, capacity 650K, committed 768K, reserved 1048576K
}
Event: 2.714 GC heap after
{Heap after GC invocations=1 (full 0):
 garbage-first heap   total 262144K, used 3954K [0x0000000080000000, 0x0000000100000000)
  region size 1024K, 2 young (2048K), 2 survivors (2048K)
 Metaspace       used 6768K, capacity 6985K, committed 7168K, reserved 1056768K
  class space    used 576K, capacity 650K, committed 768K, reserved 1048576K
}
Event: 31.221 GC heap before
{Heap before GC invocations=1 (full 0):
 garbage-first heap   total 262144K, used 121714K [0x0000000080000000, 0x0000000100000000)
  region size 1024K, 115 young (117760K), 2 survivors (2048K)
 Metaspace       used 20815K, capacity 21232K, committed 21296K, reserved 1069056K
  class space    used 2519K, capacity 2681K, committed 2688K, reserved 1048576K
}
Event: 31.234 GC heap after
{Heap after GC invocations=2 (full 0):
 garbage-first heap   total 262144K, used 17288K [0x0000000080000000, 0x0000000100000000)
  region size 1024K, 13 young (13312K), 13 survivors (13312K)
 Metaspace       used 20815K, capacity 21232K, committed 21296K, reserved 1069056K
  class space    used 2519K, capacity 2681K, committed 2688K, reserved 1048576K
}
Event: 31.910 GC heap before
{Heap before GC invocations=3 (full 0):
 garbage-first heap   total 262144K, used 37768K [0x0000000080000000, 0x0000000100000000)
  region size 1024K, 34 young (34816K), 13 survivors (13312K)
 Metaspace       used 22751K, capacity 23325K, committed 23472K, reserved 1069056K
  class space    used 2864K, capacity 3065K, committed 3072K, reserved 1048576K
}
Event: 31.922 GC heap after
{Heap after GC invocations=4 (full 0):
 garbage-first heap   total 262144K, used 17873K [0x0000000080000000, 0x0000000100000000)
  region size 1024K, 1 young (1024K), 1 survivors (1024K)
 Metaspace       used 22751K, capacity 23325K, committed 23472K, reserved 1069056K
  class space    used 2864K, capacity 3065K, committed 3072K, reserved 1048576K
}
Event: 35.433 GC heap before
{Heap before GC invocations=4 (full 0):
 garbage-first heap   total 262144K, used 111057K [0x0000000080000000, 0x0000000100000000)
  region size 1024K, 93 young (95232K), 1 survivors (1024K)
 Metaspace       used 35066K, capacity 35822K, committed 35920K, reserved 1081344K
  class space    used 4492K, capacity 4790K, committed 4864K, reserved 1048576K
}
Event: 35.445 GC heap after
{Heap after GC invocations=5 (full 0):
 garbage-first heap   total 262144K, used 22299K [0x0000000080000000, 0x0000000100000000)
  region size 1024K, 6 young (6144K), 6 survivors (6144K)
 Metaspace       used 35066K, capacity 35822K, committed 35920K, reserved 1081344K
  class space    used 4492K, capacity 4790K, committed 4864K, reserved 1048576K
}
Event: 39.790 GC heap before
{Heap before GC invocations=6 (full 0):
 garbage-first heap   total 262144K, used 138011K [0x0000000080000000, 0x0000000100000000)
  region size 1024K, 116 young (118784K), 6 survivors (6144K)
 Metaspace       used 44599K, capacity 45696K, committed 45776K, reserved 1089536K
  class space    used 5619K, capacity 5998K, committed 6016K, reserved 1048576K
}
Event: 39.807 GC heap after
{Heap after GC invocations=7 (full 0):
 garbage-first heap   total 262144K, used 29608K [0x0000000080000000, 0x0000000100000000)
  region size 1024K, 13 young (13312K), 13 survivors (13312K)
 Metaspace       used 44599K, capacity 45696K, committed 45776K, reserved 1089536K
  class space    used 5619K, capacity 5998K, committed 6016K, reserved 1048576K
}
Event: 54.602 GC heap before
{Heap before GC invocations=7 (full 0):
 garbage-first heap   total 262144K, used 159656K [0x0000000080000000, 0x0000000100000000)
  region size 1024K, 135 young (138240K), 13 survivors (13312K)
 Metaspace       used 53893K, capacity 55195K, committed 55248K, reserved 1097728K
  class space    used 6794K, capacity 7274K, committed 7296K, reserved 1048576K
}
Event: 54.630 GC heap after
{Heap after GC invocations=8 (full 0):
 garbage-first heap   total 262144K, used 43850K [0x0000000080000000, 0x0000000100000000)
  region size 1024K, 17 young (17408K), 17 survivors (17408K)
 Metaspace       used 53893K, capacity 55195K, committed 55248K, reserved 1097728K
  class space    used 6794K, capacity 7274K, committed 7296K, reserved 1048576K
}
Event: 56.494 GC heap before
{Heap before GC invocations=8 (full 0):
 garbage-first heap   total 262144K, used 75594K [0x0000000080000000, 0x0000000100000000)
  region size 1024K, 49 young (50176K), 17 survivors (17408K)
 Metaspace       used 58801K, capacity 60207K, committed 60296K, reserved 1101824K
  class space    used 7391K, capacity 7939K, committed 7992K, reserved 1048576K
}
Event: 56.527 GC heap after
{Heap after GC invocations=9 (full 0):
 garbage-first heap   total 262144K, used 46281K [0x0000000080000000, 0x0000000100000000)
  region size 1024K, 2 young (2048K), 2 survivors (2048K)
 Metaspace       used 58801K, capacity 60207K, committed 60296K, reserved 1101824K
  class space    used 7391K, capacity 7939K, committed 7992K, reserved 1048576K
}
Event: 60.935 GC heap before
{Heap before GC invocations=10 (full 0):
 garbage-first heap   total 262144K, used 153801K [0x0000000080000000, 0x0000000100000000)
  region size 1024K, 100 young (102400K), 2 survivors (2048K)
 Metaspace       used 65406K, capacity 66964K, committed 67080K, reserved 1107968K
  class space    used 8240K, capacity 8809K, committed 8888K, reserved 1048576K
}
Event: 60.949 GC heap after
{Heap after GC invocations=11 (full 0):
 garbage-first heap   total 262144K, used 53449K [0x0000000080000000, 0x0000000100000000)
  region size 1024K, 9 young (9216K), 9 survivors (9216K)
 Metaspace       used 65406K, capacity 66964K, committed 67080K, reserved 1107968K
  class space    used 8240K, capacity 8809K, committed 8888K, reserved 1048576K
}

